<?xml version="1.0" encoding="UTF-8"?>
<!-- Generated by org.testng.reporters.JUnitXMLReporter -->
<testsuite hostname="om-PC" name="Test" tests="3" failures="0" timestamp="25 Dec 2021 09:12:24 GMT" time="31.632" errors="0">
  <testcase name="loginData" time="5.635" classname="com.OrangHRM.TestCase.Tc_Login_DDT_002"/>
  <testcase name="loginData" time="1.568" classname="com.OrangHRM.TestCase.Tc_Login_DDT_002"/>
  <testcase name="loginData" time="2.211" classname="com.OrangHRM.TestCase.Tc_Login_DDT_002"/>
</testsuite> <!-- Test -->
